<?xml version="1.0" encoding="UTF-8"?>
<!-- Generated by org.testng.reporters.JUnitReportReporter -->
<testsuite skipped="0" hostname="DESKTOP-2C5FTC3" name="Test.TestNGgroupdemo" tests="4" failures="0" timestamp="2021-01-05T23:40:28 EST" time="0.013" errors="0">
  <testcase name="test2" time="0.002" classname="Test.TestNGgroupdemo"/>
  <system-out/>
  <testcase name="test3" time="0.001" classname="Test.TestNGgroupdemo"/>
  <system-out/>
  <testcase name="test1" time="0.009" classname="Test.TestNGgroupdemo"/>
  <system-out/>
  <testcase name="test4" time="0.001" classname="Test.TestNGgroupdemo"/>
  <system-out/>
</testsuite> <!-- Test.TestNGgroupdemo -->
