<?xml version="1.0" encoding="UTF-8"?>
<!-- Generated by org.testng.reporters.JUnitReportReporter -->
<testsuite skipped="1" hostname="DESKTOP-2C5FTC3" name="Test.TestNGdependencydemo" tests="3" failures="0" timestamp="2021-01-06T20:55:23 EST" time="0.008" errors="0">
  <testcase name="test2" time="0.008" classname="Test.TestNGdependencydemo"/>
  <system-out/>
  <testcase name="test3" time="0.000" classname="Test.TestNGdependencydemo"/>
  <system-out/>
  <testcase name="test1" classname="Test.TestNGdependencydemo">
    <skipped/>
  </testcase> <!-- test1 -->
  <system-out/>
</testsuite> <!-- Test.TestNGdependencydemo -->
