<?xml version="1.0" encoding="UTF-8"?>
<!-- Generated by org.testng.reporters.JUnitReportReporter -->
<testsuite skipped="0" hostname="DESKTOP-2C5FTC3" name="Test.TesNGprioritydemo" tests="3" failures="0" timestamp="2021-01-02T19:13:41 EST" time="0.010" errors="0">
  <testcase name="one" time="0.008" classname="Test.TesNGprioritydemo"/>
  <system-out/>
  <testcase name="two" time="0.001" classname="Test.TesNGprioritydemo"/>
  <system-out/>
  <testcase name="three" time="0.001" classname="Test.TesNGprioritydemo"/>
  <system-out/>
</testsuite> <!-- Test.TesNGprioritydemo -->
