<?xml version="1.0" encoding="UTF-8"?>
<!-- Generated by org.testng.reporters.JUnitReportReporter -->
<testsuite skipped="0" hostname="DESKTOP-2C5FTC3" name="Test.TesNGmultiplebrowsertestingdemo" tests="2" failures="0" timestamp="2021-01-05T23:16:46 EST" time="8.206" errors="0">
  <testcase name="maintest" time="4.173" classname="Test.TesNGmultiplebrowsertestingdemo"/>
  <system-out/>
  <testcase name="maintest" time="4.033" classname="Test.TesNGmultiplebrowsertestingdemo"/>
  <system-out/>
</testsuite> <!-- Test.TesNGmultiplebrowsertestingdemo -->
