<?xml version="1.0" encoding="UTF-8"?>
<!-- Generated by org.testng.reporters.JUnitReportReporter -->
<testsuite skipped="0" hostname="DESKTOP-2C5FTC3" name="Test.TestNGparameterdemo" tests="1" failures="0" timestamp="2021-01-06T10:51:21 EST" time="0.009" errors="0">
  <testcase name="test" time="0.009" classname="Test.TestNGparameterdemo"/>
  <system-out/>
</testsuite> <!-- Test.TestNGparameterdemo -->
